<?xml version="1.0" encoding="UTF-8"?>
<testsuite xmlns:xsi="http://www.w3.org/2001/XMLSchema-instance" xsi:noNamespaceSchemaLocation="https://maven.apache.org/surefire/maven-surefire-plugin/xsd/surefire-test-report.xsd" name="BasicCalculatorTest" time="0.014" tests="12" errors="0" skipped="0" failures="0">
  <properties>
[...]
</properties>
  <testcase name="testdivMethod3true" classname="BasicCalculatorTest" time="0"/>
  <testcase name="testmultMethod1" classname="BasicCalculatorTest" time="0"/>
  <testcase name="testmultMethod2" classname="BasicCalculatorTest" time="0"/>
  <testcase name="testmultMethod3" classname="BasicCalculatorTest" time="0"/>
  <testcase name="testaddMethod1" classname="BasicCalculatorTest" time="0.001"/>
  <testcase name="testaddMethod2" classname="BasicCalculatorTest" time="0"/>
  <testcase name="testaddMethod3" classname="BasicCalculatorTest" time="0"/>
  <testcase name="testdivMethod1" classname="BasicCalculatorTest" time="0"/>
  <testcase name="testdivMethod2" classname="BasicCalculatorTest" time="0"/>
  <testcase name="testsubMethod1" classname="BasicCalculatorTest" time="0"/>
  <testcase name="testsubMethod2" classname="BasicCalculatorTest" time="0"/>
  <testcase name="testsubMethod3" classname="BasicCalculatorTest" time="0"/>
</testsuite>